<?xml version="1.0" encoding="UTF-8"?>
<!-- Generated by org.testng.reporters.JUnitReportReporter -->
<testsuite skipped="0" hostname="AUCTS-067517" name="rest.test.RestTest" tests="2" failures="0" timestamp="27 Sep 2017 14:58:17 GMT" time="2.945" errors="0">
  <testcase name="testPost" time="0.351" classname="rest.test.RestTest"/>
  <testcase name="testGet" time="2.594" classname="rest.test.RestTest"/>
</testsuite> <!-- rest.test.RestTest -->
