<?xml version="1.0" encoding="UTF-8"?>
<!-- Generated by org.testng.reporters.JUnitReportReporter -->
<testsuite skipped="0" hostname="AUCTS-067517" name="com.guitest.guiTest" tests="1" failures="0" timestamp="27 Sep 2017 17:25:22 GMT" time="9.111" errors="0">
  <testcase name="flightBooking" time="9.111" classname="com.guitest.guiTest"/>
</testsuite> <!-- com.guitest.guiTest -->
